########### array before sorts ###########
0	3.810000	0.000000	16.510000	0.000000	n
1	17.780000	1.270000	17.780000	46.990000	n
2	16.510000	48.260000	3.810000	48.260000	n
3	0.000000	44.450000	0.000000	3.810000	n
4	0.000000	3.810000	0.129823	2.823899	n
5	0.129823	2.823899	0.510443	1.905000	n
6	0.510443	1.905000	1.115923	1.115923	n
7	1.115923	1.115923	1.905000	0.510443	n
8	1.905000	0.510443	2.823899	0.129823	n
9	2.823899	0.129823	3.810000	0.000000	n
10	0.000000	44.450000	0.129823	45.436101	n
11	0.129823	45.436101	0.510443	46.355000	n
12	0.510443	46.355000	1.115923	47.144077	n
13	1.115923	47.144077	1.905000	47.749557	n
14	1.905000	47.749557	2.823899	48.130177	n
15	2.823899	48.130177	3.810000	48.260000	n
16	16.510000	48.260000	16.838700	48.216726	n
17	16.838700	48.216726	17.145000	48.089852	n
18	17.145000	48.089852	17.408026	47.888026	n
19	17.408026	47.888026	17.609852	47.625000	n
20	17.609852	47.625000	17.736726	47.318700	n
21	17.736726	47.318700	17.780000	46.990000	n
22	16.510000	0.000000	16.838700	0.043274	n
23	16.838700	0.043274	17.145000	0.170148	n
24	17.145000	0.170148	17.408026	0.371974	n
25	17.408026	0.371974	17.609852	0.635000	n
26	17.609852	0.635000	17.736726	0.941300	n
27	17.736726	0.941300	17.780000	1.270000	n
Tolerance=0.050000.
*Exact match for i=0 and j=22.
*i point 3.810000	0.000000	16.510000	0.000000	y
*Exact match for i=1 and j=23.
*i point 16.510000	0.000000	16.838700	0.043274	y
*Exact match for i=2 and j=24.
*i point 16.838700	0.043274	17.145000	0.170148	y
*Exact match for i=3 and j=25.
*i point 17.145000	0.170148	17.408026	0.371974	y
*Exact match for i=4 and j=26.
*i point 17.408026	0.371974	17.609852	0.635000	y
*Exact match for i=5 and j=27.
*i point 17.609852	0.635000	17.736726	0.941300	y
*Exact match for i=6 and j=22.
*i point 17.736726	0.941300	17.780000	1.270000	y
*Exact match for i=7 and j=21.
*i point 17.780000	1.270000	17.780000	46.990000	y
	*Before flip 	17.736726	47.318700	17.780000	46.990000	y
	*After flip 	17.780000	46.990000	17.736726	47.318700	y
*Exact match for i=8 and j=20.
*i point 17.780000	46.990000	17.736726	47.318700	y
	*Before flip 	17.609852	47.625000	17.736726	47.318700	y
	*After flip 	17.736726	47.318700	17.609852	47.625000	y
*Exact match for i=9 and j=19.
*i point 17.736726	47.318700	17.609852	47.625000	y
	*Before flip 	17.408026	47.888026	17.609852	47.625000	y
	*After flip 	17.609852	47.625000	17.408026	47.888026	y
*Exact match for i=10 and j=18.
*i point 17.609852	47.625000	17.408026	47.888026	y
	*Before flip 	17.145000	48.089852	17.408026	47.888026	y
	*After flip 	17.408026	47.888026	17.145000	48.089852	y
*Exact match for i=11 and j=17.
*i point 17.408026	47.888026	17.145000	48.089852	y
	*Before flip 	16.838700	48.216726	17.145000	48.089852	y
	*After flip 	17.145000	48.089852	16.838700	48.216726	y
*Exact match for i=12 and j=16.
*i point 17.145000	48.089852	16.838700	48.216726	y
	*Before flip 	16.510000	48.260000	16.838700	48.216726	y
	*After flip 	16.838700	48.216726	16.510000	48.260000	y
*Exact match for i=13 and j=23.
*i point 16.838700	48.216726	16.510000	48.260000	y
*Exact match for i=14 and j=15.
*i point 16.510000	48.260000	3.810000	48.260000	y
	*Before flip 	2.823899	48.130177	3.810000	48.260000	y
	*After flip 	3.810000	48.260000	2.823899	48.130177	y
*Exact match for i=15 and j=23.
*i point 3.810000	48.260000	2.823899	48.130177	y
	*Before flip 	1.905000	47.749557	2.823899	48.130177	y
	*After flip 	2.823899	48.130177	1.905000	47.749557	y
*Exact match for i=16 and j=23.
*i point 2.823899	48.130177	1.905000	47.749557	y
	*Before flip 	1.115923	47.144077	1.905000	47.749557	y
	*After flip 	1.905000	47.749557	1.115923	47.144077	y
*Exact match for i=17 and j=23.
*i point 1.905000	47.749557	1.115923	47.144077	y
	*Before flip 	0.510443	46.355000	1.115923	47.144077	y
	*After flip 	1.115923	47.144077	0.510443	46.355000	y
*Exact match for i=18 and j=23.
*i point 1.115923	47.144077	0.510443	46.355000	y
	*Before flip 	0.129823	45.436101	0.510443	46.355000	y
	*After flip 	0.510443	46.355000	0.129823	45.436101	y
*Exact match for i=19 and j=23.
*i point 0.510443	46.355000	0.129823	45.436101	y
	*Before flip 	0.000000	44.450000	0.129823	45.436101	y
	*After flip 	0.129823	45.436101	0.000000	44.450000	y
*Exact match for i=20 and j=24.
*i point 0.129823	45.436101	0.000000	44.450000	y
*Exact match for i=21 and j=25.
*i point 0.000000	44.450000	0.000000	3.810000	y
*Exact match for i=22 and j=26.
*i point 0.000000	3.810000	0.129823	2.823899	y
*Exact match for i=23 and j=27.
*i point 0.129823	2.823899	0.510443	1.905000	y
*Exact match for i=24 and j=25.
*i point 0.510443	1.905000	1.115923	1.115923	y
*Exact match for i=25 and j=27.
*i point 1.115923	1.115923	1.905000	0.510443	y
*Exact match for i=26 and j=27.
*i point 1.905000	0.510443	2.823899	0.129823	y
########### array after sorts ###########
0	3.810000	0.000000	16.510000	0.000000	y
1	16.510000	0.000000	16.838700	0.043274	y
2	16.838700	0.043274	17.145000	0.170148	y
3	17.145000	0.170148	17.408026	0.371974	y
4	17.408026	0.371974	17.609852	0.635000	y
5	17.609852	0.635000	17.736726	0.941300	y
6	17.736726	0.941300	17.780000	1.270000	y
7	17.780000	1.270000	17.780000	46.990000	y
8	17.780000	46.990000	17.736726	47.318700	y
9	17.736726	47.318700	17.609852	47.625000	y
10	17.609852	47.625000	17.408026	47.888026	y
11	17.408026	47.888026	17.145000	48.089852	y
12	17.145000	48.089852	16.838700	48.216726	y
13	16.838700	48.216726	16.510000	48.260000	y
14	16.510000	48.260000	3.810000	48.260000	y
15	3.810000	48.260000	2.823899	48.130177	y
16	2.823899	48.130177	1.905000	47.749557	y
17	1.905000	47.749557	1.115923	47.144077	y
18	1.115923	47.144077	0.510443	46.355000	y
19	0.510443	46.355000	0.129823	45.436101	y
20	0.129823	45.436101	0.000000	44.450000	y
21	0.000000	44.450000	0.000000	3.810000	y
22	0.000000	3.810000	0.129823	2.823899	y
23	0.129823	2.823899	0.510443	1.905000	y
24	0.510443	1.905000	1.115923	1.115923	y
25	1.115923	1.115923	1.905000	0.510443	y
26	1.905000	0.510443	2.823899	0.129823	y
27	2.823899	0.129823	3.810000	0.000000	y
***************
.BOARD_OUTLINE UNOWNED
1.6
0     3.810000     0.000000     0
0     16.510000     0.000000     0
0     16.838700     0.043274     0
0     17.145000     0.170148     0
0     17.408026     0.371974     0
0     17.609852     0.635000     0
0     17.736726     0.941300     0
0     17.780000     1.270000     0
0     17.780000     46.990000     0
0     17.736726     47.318700     0
0     17.609852     47.625000     0
0     17.408026     47.888026     0
0     17.145000     48.089852     0
0     16.838700     48.216726     0
0     16.510000     48.260000     0
0     3.810000     48.260000     0
0     2.823899     48.130177     0
0     1.905000     47.749557     0
0     1.115923     47.144077     0
0     0.510443     46.355000     0
0     0.129823     45.436101     0
0     0.000000     44.450000     0
0     0.000000     3.810000     0
0     0.129823     2.823899     0
0     0.510443     1.905000     0
0     1.115923     1.115923     0
0     1.905000     0.510443     0
0     2.823899     0.129823     0
0     3.810000     0.000000     0
