########### array before sorts ###########
0	101.600000	-2.540000	101.600000	73.660000	n
1	101.600000	73.660000	0.000000	73.660000	n
2	0.000000	73.660000	0.000000	-2.540000	n
3	0.000000	-2.540000	101.600000	-2.540000	n
Tolerance=0.050000.
*Exact match for i=0 and j=1.
*i point 101.600000	-2.540000	101.600000	73.660000	y
*Exact match for i=1 and j=2.
*i point 101.600000	73.660000	0.000000	73.660000	y
*Exact match for i=2 and j=3.
*i point 0.000000	73.660000	0.000000	-2.540000	y
########### array after sorts ###########
0	101.600000	-2.540000	101.600000	73.660000	y
1	101.600000	73.660000	0.000000	73.660000	y
2	0.000000	73.660000	0.000000	-2.540000	y
3	0.000000	-2.540000	101.600000	-2.540000	y
***************
.BOARD_OUTLINE UNOWNED
1.6
0     101.600000     -2.540000     0
0     101.600000     73.660000     0
0     0.000000     73.660000     0
0     0.000000     -2.540000     0
0     101.600000     -2.540000     0
